# JRE version: Java(TM) SE Runtime Environment (8.0_121-b13) (build 1.8.0_121-b13)
# Java VM: Java HotSpot(TM) 64-Bit Server VM (25.121-b13 mixed mode windows-amd64 compressed oops)
Heap:
 PSYoungGen      total 38400K, used 1232K [0x00000000d5d00000, 0x00000000d8780000, 0x0000000100000000)
  eden space 33280K, 3% used [0x00000000d5d00000,0x00000000d5e34030,0x00000000d7d80000)
  from space 5120K, 0% used [0x00000000d8280000,0x00000000d8280000,0x00000000d8780000)
  to   space 5120K, 0% used [0x00000000d7d80000,0x00000000d7d80000,0x00000000d8280000)
 ParOldGen       total 87552K, used 10395K [0x0000000081600000, 0x0000000086b80000, 0x00000000d5d00000)
  object space 87552K, 11% used [0x0000000081600000,0x0000000082026d80,0x0000000086b80000)
 Metaspace       used 22139K, capacity 22830K, committed 23040K, reserved 1069056K
  class space    used 2740K, capacity 2956K, committed 3072K, reserved 1048576K
GC Heap History (10 events):
Event: 6.765 GC heap before
{Heap before GC invocations=8 (full 4):
 PSYoungGen      total 38400K, used 4529K [0x00000000d5d00000, 0x00000000d8780000, 0x0000000100000000)
  eden space 33280K, 0% used [0x00000000d5d00000,0x00000000d5d00000,0x00000000d7d80000)
  from space 5120K, 88% used [0x00000000d8280000,0x00000000d86ec418,0x00000000d8780000)
  to   space 5120K, 0% used [0x00000000d7d80000,0x00000000d7d80000,0x00000000d8280000)
 ParOldGen       total 87552K, used 13663K [0x0000000081600000, 0x0000000086b80000, 0x00000000d5d00000)
  object space 87552K, 15% used [0x0000000081600000,0x0000000082357f38,0x0000000086b80000)
 Metaspace       used 19342K, capacity 19898K, committed 20096K, reserved 1067008K
  class space    used 2455K, capacity 2610K, committed 2688K, reserved 1048576K
Event: 6.830 GC heap after
Heap after GC invocations=8 (full 4):
 PSYoungGen      total 38400K, used 0K [0x00000000d5d00000, 0x00000000d8780000, 0x0000000100000000)
  eden space 33280K, 0% used [0x00000000d5d00000,0x00000000d5d00000,0x00000000d7d80000)
  from space 5120K, 0% used [0x00000000d8280000,0x00000000d8280000,0x00000000d8780000)
  to   space 5120K, 0% used [0x00000000d7d80000,0x00000000d7d80000,0x00000000d8280000)
 ParOldGen       total 87552K, used 10239K [0x0000000081600000, 0x0000000086b80000, 0x00000000d5d00000)
  object space 87552K, 11% used [0x0000000081600000,0x0000000081fffcf8,0x0000000086b80000)
 Metaspace       used 19342K, capacity 19898K, committed 20096K, reserved 1067008K
  class space    used 2455K, capacity 2610K, committed 2688K, reserved 1048576K
}
Event: 95.348 GC heap before
{Heap before GC invocations=9 (full 4):
 PSYoungGen      total 38400K, used 32860K [0x00000000d5d00000, 0x00000000d8780000, 0x0000000100000000)
  eden space 33280K, 98% used [0x00000000d5d00000,0x00000000d7d170e0,0x00000000d7d80000)
  from space 5120K, 0% used [0x00000000d8280000,0x00000000d8280000,0x00000000d8780000)
  to   space 5120K, 0% used [0x00000000d7d80000,0x00000000d7d80000,0x00000000d8280000)
 ParOldGen       total 87552K, used 10239K [0x0000000081600000, 0x0000000086b80000, 0x00000000d5d00000)
  object space 87552K, 11% used [0x0000000081600000,0x0000000081fffcf8,0x0000000086b80000)
 Metaspace       used 22121K, capacity 22830K, committed 23040K, reserved 1069056K
  class space    used 2737K, capacity 2956K, committed 3072K, reserved 1048576K
Event: 95.350 GC heap after
Heap after GC invocations=9 (full 4):
 PSYoungGen      total 38400K, used 3071K [0x00000000d5d00000, 0x00000000d8780000, 0x0000000100000000)
  eden space 33280K, 0% used [0x00000000d5d00000,0x00000000d5d00000,0x00000000d7d80000)
  from space 5120K, 59% used [0x00000000d7d80000,0x00000000d807fc60,0x00000000d8280000)
  to   space 5120K, 0% used [0x00000000d8280000,0x00000000d8280000,0x00000000d8780000)
 ParOldGen       total 87552K, used 10247K [0x0000000081600000, 0x0000000086b80000, 0x00000000d5d00000)
  object space 87552K, 11% used [0x0000000081600000,0x0000000082001cf8,0x0000000086b80000)
 Metaspace       used 22121K, capacity 22830K, committed 23040K, reserved 1069056K
  class space    used 2737K, capacity 2956K, committed 3072K, reserved 1048576K
}
Event: 95.350 GC heap before
{Heap before GC invocations=10 (full 5):
 PSYoungGen      total 38400K, used 3071K [0x00000000d5d00000, 0x00000000d8780000, 0x0000000100000000)
  eden space 33280K, 0% used [0x00000000d5d00000,0x00000000d5d00000,0x00000000d7d80000)
  from space 5120K, 59% used [0x00000000d7d80000,0x00000000d807fc60,0x00000000d8280000)
  to   space 5120K, 0% used [0x00000000d8280000,0x00000000d8280000,0x00000000d8780000)
 ParOldGen       total 87552K, used 10247K [0x0000000081600000, 0x0000000086b80000, 0x00000000d5d00000)
  object space 87552K, 11% used [0x0000000081600000,0x0000000082001cf8,0x0000000086b80000)
 Metaspace       used 22121K, capacity 22830K, committed 23040K, reserved 1069056K
  class space    used 2737K, capacity 2956K, committed 3072K, reserved 1048576K
Event: 95.422 GC heap after
Heap after GC invocations=10 (full 5):
 PSYoungGen      total 38400K, used 0K [0x00000000d5d00000, 0x00000000d8780000, 0x0000000100000000)
  eden space 33280K, 0% used [0x00000000d5d00000,0x00000000d5d00000,0x00000000d7d80000)
  from space 5120K, 0% used [0x00000000d7d80000,0x00000000d7d80000,0x00000000d8280000)
  to   space 5120K, 0% used [0x00000000d8280000,0x00000000d8280000,0x00000000d8780000)
 ParOldGen       total 87552K, used 11047K [0x0000000081600000, 0x0000000086b80000, 0x00000000d5d00000)
  object space 87552K, 12% used [0x0000000081600000,0x00000000820c9db8,0x0000000086b80000)
 Metaspace       used 22121K, capacity 22830K, committed 23040K, reserved 1069056K
  class space    used 2737K, capacity 2956K, committed 3072K, reserved 1048576K
}
Event: 95.426 GC heap before
{Heap before GC invocations=11 (full 5):
 PSYoungGen      total 38400K, used 1130K [0x00000000d5d00000, 0x00000000d8780000, 0x0000000100000000)
  eden space 33280K, 3% used [0x00000000d5d00000,0x00000000d5e1ab30,0x00000000d7d80000)
  from space 5120K, 0% used [0x00000000d7d80000,0x00000000d7d80000,0x00000000d8280000)
  to   space 5120K, 0% used [0x00000000d8280000,0x00000000d8280000,0x00000000d8780000)
 ParOldGen       total 87552K, used 11047K [0x0000000081600000, 0x0000000086b80000, 0x00000000d5d00000)
  object space 87552K, 12% used [0x0000000081600000,0x00000000820c9db8,0x0000000086b80000)
 Metaspace       used 22128K, capacity 22830K, committed 23040K, reserved 1069056K
  class space    used 2738K, capacity 2956K, committed 3072K, reserved 1048576K
Event: 95.427 GC heap after
Heap after GC invocations=11 (full 5):
 PSYoungGen      total 38400K, used 128K [0x00000000d5d00000, 0x00000000d8780000, 0x0000000100000000)
  eden space 33280K, 0% used [0x00000000d5d00000,0x00000000d5d00000,0x00000000d7d80000)
  from space 5120K, 2% used [0x00000000d8280000,0x00000000d82a0000,0x00000000d8780000)
  to   space 5120K, 0% used [0x00000000d7d80000,0x00000000d7d80000,0x00000000d8280000)
 ParOldGen       total 87552K, used 11047K [0x0000000081600000, 0x0000000086b80000, 0x00000000d5d00000)
  object space 87552K, 12% used [0x0000000081600000,0x00000000820c9db8,0x0000000086b80000)
 Metaspace       used 22128K, capacity 22830K, committed 23040K, reserved 1069056K
  class space    used 2738K, capacity 2956K, committed 3072K, reserved 1048576K
}
Event: 95.427 GC heap before
{Heap before GC invocations=12 (full 6):
 PSYoungGen      total 38400K, used 128K [0x00000000d5d00000, 0x00000000d8780000, 0x0000000100000000)
  eden space 33280K, 0% used [0x00000000d5d00000,0x00000000d5d00000,0x00000000d7d80000)
  from space 5120K, 2% used [0x00000000d8280000,0x00000000d82a0000,0x00000000d8780000)
  to   space 5120K, 0% used [0x00000000d7d80000,0x00000000d7d80000,0x00000000d8280000)
 ParOldGen       total 87552K, used 11047K [0x0000000081600000, 0x0000000086b80000, 0x00000000d5d00000)
  object space 87552K, 12% used [0x0000000081600000,0x00000000820c9db8,0x0000000086b80000)
 Metaspace       used 22128K, capacity 22830K, committed 23040K, reserved 1069056K
  class space    used 2738K, capacity 2956K, committed 3072K, reserved 1048576K
Event: 95.488 GC heap after
Heap after GC invocations=12 (full 6):
 PSYoungGen      total 38400K, used 0K [0x00000000d5d00000, 0x00000000d8780000, 0x0000000100000000)
  eden space 33280K, 0% used [0x00000000d5d00000,0x00000000d5d00000,0x00000000d7d80000)
  from space 5120K, 0% used [0x00000000d8280000,0x00000000d8280000,0x00000000d8780000)
  to   space 5120K, 0% used [0x00000000d7d80000,0x00000000d7d80000,0x00000000d8280000)
 ParOldGen       total 87552K, used 10395K [0x0000000081600000, 0x0000000086b80000, 0x00000000d5d00000)
  object space 87552K, 11% used [0x0000000081600000,0x0000000082026d80,0x0000000086b80000)
 Metaspace       used 22128K, capacity 22830K, committed 23040K, reserved 1069056K
  class space    used 2738K, capacity 2956K, committed 3072K, reserved 1048576K
}

